<experiment><version>1.0</version><substrates><name>link0</name><capacity><rate>100000.000000</rate><kind>max</kind></capacity></substrates><elements><computer><name>control</name><os><attribute><attribute>osid</attribute><value>FC6-STD</value></attribute></os><software><location>/users/faber/fedd/seer-all-current.tgz</location><install>/usr/local</install></software><attribute><attribute>type</attribute><value>pc</value></attribute><attribute><attribute>startup</attribute><value>sudo python /usr/local/seer/experiment-setup.py Basic</value></attribute><attribute><attribute>testbed</attribute><value>deter</value></attribute><attribute><attribute>failureaction</attribute><value>fatal</value></attribute></computer></elements><elements><computer><name>a</name><os><attribute><attribute>osid</attribute><value>FC6-STD</value></attribute></os><software><location>/users/faber/fedd/seer-all-current.tgz</location><install>/usr/local</install></software><interface><substrate>link0</substrate><name>inf000</name><capacity><rate>100000.000000</rate><kind>max</kind></capacity></interface><attribute><attribute>type</attribute><value>pc</value></attribute><attribute><attribute>startup</attribute><value>sudo python /usr/local/seer/experiment-setup.py Basic</value></attribute><attribute><attribute>testbed</attribute><value>deter</value></attribute><attribute><attribute>failureaction</attribute><value>fatal</value></attribute></computer></elements><elements><computer><name>b</name><software><location>/users/faber/fedd/seer-all-current.tgz</location><install>/usr/local</install></software><interface><substrate>link0</substrate><name>inf000</name><capacity><rate>100000.000000</rate><kind>max</kind></capacity></interface><attribute><attribute>type</attribute><value>pc</value></attribute><attribute><attribute>startup</attribute><value>sudo python /usr/local/seer/experiment-setup.py -F Basic</value></attribute><attribute><attribute>testbed</attribute><value>protogeni</value></attribute><attribute><attribute>failureaction</attribute><value>fatal</value></attribute></computer></elements></experiment>
